<?xml version="1.0" encoding="UTF-8"?>
<!-- Generated by org.testng.reporters.JUnitReportReporter -->
<testsuite hostname="DESKTOP-GNVJQ8M" failures="0" tests="1" name="com.inetbanking.TestCases.TC_LoginTest_001" time="11.238" errors="0" timestamp="2022-06-13T16:03:00 IST" skipped="0">
  <testcase classname="com.inetbanking.TestCases.TC_LoginTest_001" name="loginTest" time="11.238"/>
  <system-out/>
</testsuite> <!-- com.inetbanking.TestCases.TC_LoginTest_001 -->
